{
  "RSpec": {
    "coverage": {
      "/Users/chrisclement/Desktop/Projects/Makers/Week4/practicals/Diary/diary_app/app.rb": {
        "lines": [
          null,
          null,
          1,
          1,
          1,
          null,
          null,
          1,
          1,
          0,
          null,
          null,
          1,
          4,
          null,
          null,
          1,
          null,
          null,
          3,
          3,
          null,
          1,
          null
        ]
      },
      "/Users/chrisclement/Desktop/Projects/Makers/Week4/practicals/Diary/diary_app/lib/diary_entry.rb": {
        "lines": [
          1,
          null,
          1,
          1,
          4,
          4,
          4,
          78,
          null,
          null,
          null,
          1,
          4,
          4,
          null,
          null
        ]
      },
      "/Users/chrisclement/Desktop/Projects/Makers/Week4/practicals/Diary/diary_app/lib/database_connection.rb": {
        "lines": [
          1,
          null,
          1,
          1,
          10,
          null,
          null,
          1,
          1,
          null,
          null
        ]
      },
      "/Users/chrisclement/Desktop/Projects/Makers/Week4/practicals/Diary/diary_app/spec/features/submit_diary_entry_spec.rb": {
        "lines": [
          1,
          1,
          1,
          1,
          1,
          1,
          1,
          1,
          null,
          1,
          1,
          1,
          1,
          1,
          1,
          1,
          1,
          1,
          1,
          1,
          1,
          1,
          null,
          null
        ]
      },
      "/Users/chrisclement/Desktop/Projects/Makers/Week4/practicals/Diary/diary_app/spec/features/visit_homepage_spec.rb": {
        "lines": [
          1,
          1,
          1,
          1,
          null,
          null
        ]
      },
      "/Users/chrisclement/Desktop/Projects/Makers/Week4/practicals/Diary/diary_app/spec/unit/database_connection_spec.rb": {
        "lines": [
          1,
          null,
          1,
          1,
          1,
          1,
          1,
          null,
          null,
          1,
          1,
          1,
          1,
          1,
          null,
          null,
          null
        ]
      },
      "/Users/chrisclement/Desktop/Projects/Makers/Week4/practicals/Diary/diary_app/spec/unit/diary_entry_spec.rb": {
        "lines": [
          1,
          null,
          1,
          1,
          1,
          null,
          null,
          null,
          1,
          1,
          1,
          1,
          null,
          null,
          null
        ]
      }
    },
    "timestamp": 1639052481
  }
}
